# JRE version: OpenJDK Runtime Environment (15.0.2+7) (build 15.0.2+7-27)
# Java VM: OpenJDK 64-Bit Server VM (15.0.2+7-27, mixed mode, tiered, compressed oops, g1 gc, windows-amd64)
GC Precious Log:
 CPUs: 4 total, 4 available
 Memory: 3987M
 Large Page Support: Disabled
 NUMA Support: Disabled
 Compressed Oops: Enabled (32-bit)
 Heap Region Size: 1M
 Heap Min Capacity: 8M
 Heap Initial Capacity: 64M
 Heap Max Capacity: 998M
 Pre-touch: Disabled
 Parallel Workers: 4
 Concurrent Workers: 1
 Concurrent Refinement Workers: 4
 Periodic GC: Disabled
Heap:
 garbage-first heap   total 65536K, used 8510K [0x00000000c1a00000, 0x0000000100000000)
  region size 1024K, 2 young (2048K), 2 survivors (2048K)
 Metaspace       used 19606K, capacity 19808K, committed 19840K, reserved 1087488K
  class space    used 2047K, capacity 2144K, committed 2176K, reserved 1048576K
GC Heap History (8 events):
Event: 4.106 GC heap before
{Heap before GC invocations=0 (full 0):
 garbage-first heap   total 65536K, used 13312K [0x00000000c1a00000, 0x0000000100000000)
  region size 1024K, 13 young (13312K), 0 survivors (0K)
 Metaspace       used 12325K, capacity 12469K, committed 12544K, reserved 1060864K
  class space    used 1183K, capacity 1234K, committed 1280K, reserved 1048576K
}
Event: 4.114 GC heap after
{Heap after GC invocations=1 (full 0):
 garbage-first heap   total 65536K, used 6383K [0x00000000c1a00000, 0x0000000100000000)
  region size 1024K, 2 young (2048K), 2 survivors (2048K)
 Metaspace       used 12325K, capacity 12469K, committed 12544K, reserved 1060864K
  class space    used 1183K, capacity 1234K, committed 1280K, reserved 1048576K
}
Event: 6.414 GC heap before
{Heap before GC invocations=1 (full 0):
 garbage-first heap   total 65536K, used 16623K [0x00000000c1a00000, 0x0000000100000000)
  region size 1024K, 12 young (12288K), 2 survivors (2048K)
 Metaspace       used 15898K, capacity 16140K, committed 16384K, reserved 1064960K
  class space    used 1595K, capacity 1670K, committed 1792K, reserved 1048576K
}
Event: 6.423 GC heap after
{Heap after GC invocations=2 (full 0):
 garbage-first heap   total 65536K, used 7419K [0x00000000c1a00000, 0x0000000100000000)
  region size 1024K, 1 young (1024K), 1 survivors (1024K)
 Metaspace       used 15898K, capacity 16140K, committed 16384K, reserved 1064960K
  class space    used 1595K, capacity 1670K, committed 1792K, reserved 1048576K
}
Event: 7.734 GC heap before
{Heap before GC invocations=2 (full 0):
 garbage-first heap   total 65536K, used 28923K [0x00000000c1a00000, 0x0000000100000000)
  region size 1024K, 22 young (22528K), 1 survivors (1024K)
 Metaspace       used 18338K, capacity 18612K, committed 18688K, reserved 1067008K
  class space    used 1905K, capacity 1980K, committed 2048K, reserved 1048576K
}
Event: 7.741 GC heap after
{Heap after GC invocations=3 (full 0):
 garbage-first heap   total 65536K, used 8297K [0x00000000c1a00000, 0x0000000100000000)
  region size 1024K, 2 young (2048K), 2 survivors (2048K)
 Metaspace       used 18338K, capacity 18612K, committed 18688K, reserved 1067008K
  class space    used 1905K, capacity 1980K, committed 2048K, reserved 1048576K
}
Event: 8.033 GC heap before
{Heap before GC invocations=3 (full 0):
 garbage-first heap   total 65536K, used 15465K [0x00000000c1a00000, 0x0000000100000000)
  region size 1024K, 10 young (10240K), 2 survivors (2048K)
 Metaspace       used 19606K, capacity 19808K, committed 19840K, reserved 1085440K
  class space    used 2047K, capacity 2144K, committed 2176K, reserved 1048576K
}
Event: 8.045 GC heap after
{Heap after GC invocations=4 (full 0):
 garbage-first heap   total 65536K, used 8510K [0x00000000c1a00000, 0x0000000100000000)
  region size 1024K, 2 young (2048K), 2 survivors (2048K)
 Metaspace       used 19606K, capacity 19808K, committed 19840K, reserved 1085440K
  class space    used 2047K, capacity 2144K, committed 2176K, reserved 1048576K
}

